mode: set
github.com/base-org/pessimism/internal/alert/interpolator.go:36.37,38.2 1 1
github.com/base-org/pessimism/internal/alert/interpolator.go:41.87,47.2 1 1
github.com/base-org/pessimism/internal/alert/manager.go:36.69,53.2 3 0
github.com/base-org/pessimism/internal/alert/manager.go:56.100,58.2 1 0
github.com/base-org/pessimism/internal/alert/manager.go:61.51,63.2 1 0
github.com/base-org/pessimism/internal/alert/manager.go:66.65,70.16 3 0
github.com/base-org/pessimism/internal/alert/manager.go:70.16,72.3 1 0
github.com/base-org/pessimism/internal/alert/manager.go:74.2,74.32 1 0
github.com/base-org/pessimism/internal/alert/manager.go:74.32,76.3 1 0
github.com/base-org/pessimism/internal/alert/manager.go:78.2,78.12 1 0
github.com/base-org/pessimism/internal/alert/manager.go:82.43,85.6 2 0
github.com/base-org/pessimism/internal/alert/manager.go:85.6,86.10 1 0
github.com/base-org/pessimism/internal/alert/manager.go:87.24,88.14 1 0
github.com/base-org/pessimism/internal/alert/manager.go:90.35,95.18 3 0
github.com/base-org/pessimism/internal/alert/manager.go:95.18,97.13 2 0
github.com/base-org/pessimism/internal/alert/manager.go:100.4,100.21 1 0
github.com/base-org/pessimism/internal/alert/manager.go:101.20,105.19 3 0
github.com/base-org/pessimism/internal/alert/manager.go:105.19,107.6 1 0
github.com/base-org/pessimism/internal/alert/manager.go:109.25,110.87 1 0
github.com/base-org/pessimism/internal/alert/manager.go:112.12,114.52 1 0
github.com/base-org/pessimism/internal/alert/manager.go:121.42,124.2 2 0
github.com/base-org/pessimism/internal/alert/store.go:25.23,29.2 1 1
github.com/base-org/pessimism/internal/alert/store.go:34.48,35.51 1 1
github.com/base-org/pessimism/internal/alert/store.go:35.51,37.3 1 1
github.com/base-org/pessimism/internal/alert/store.go:39.2,40.12 2 1
github.com/base-org/pessimism/internal/alert/store.go:44.87,46.13 2 1
github.com/base-org/pessimism/internal/alert/store.go:46.13,48.3 1 0
github.com/base-org/pessimism/internal/alert/store.go:50.2,50.30 1 1
github.com/base-org/pessimism/internal/core/config.go:35.41,37.2 1 0
github.com/base-org/pessimism/internal/core/config.go:40.41,42.2 1 0
github.com/base-org/pessimism/internal/core/constants.go:29.34,30.11 1 1
github.com/base-org/pessimism/internal/core/constants.go:31.14,32.18 1 1
github.com/base-org/pessimism/internal/core/constants.go:34.14,35.18 1 0
github.com/base-org/pessimism/internal/core/constants.go:37.10,38.21 1 1
github.com/base-org/pessimism/internal/core/constants.go:43.49,44.20 1 0
github.com/base-org/pessimism/internal/core/constants.go:45.16,46.16 1 0
github.com/base-org/pessimism/internal/core/constants.go:48.16,49.16 1 0
github.com/base-org/pessimism/internal/core/constants.go:51.10,52.20 1 0
github.com/base-org/pessimism/internal/core/constants.go:87.41,88.12 1 1
github.com/base-org/pessimism/internal/core/constants.go:89.26,90.31 1 1
github.com/base-org/pessimism/internal/core/constants.go:92.21,93.26 1 0
github.com/base-org/pessimism/internal/core/constants.go:95.29,96.34 1 0
github.com/base-org/pessimism/internal/core/constants.go:98.10,99.19 1 0
github.com/base-org/pessimism/internal/core/constants.go:104.61,105.20 1 0
github.com/base-org/pessimism/internal/core/constants.go:106.29,107.28 1 0
github.com/base-org/pessimism/internal/core/constants.go:109.24,110.23 1 0
github.com/base-org/pessimism/internal/core/constants.go:112.32,113.31 1 0
github.com/base-org/pessimism/internal/core/constants.go:115.10,116.26 1 0
github.com/base-org/pessimism/internal/core/constants.go:129.44,130.12 1 0
github.com/base-org/pessimism/internal/core/constants.go:131.13,132.17 1 0
github.com/base-org/pessimism/internal/core/constants.go:133.18,134.23 1 0
github.com/base-org/pessimism/internal/core/constants.go:135.10,136.19 1 0
github.com/base-org/pessimism/internal/core/constants.go:141.67,142.20 1 0
github.com/base-org/pessimism/internal/core/constants.go:143.15,144.15 1 0
github.com/base-org/pessimism/internal/core/constants.go:146.21,147.20 1 0
github.com/base-org/pessimism/internal/core/constants.go:150.2,150.28 1 0
github.com/base-org/pessimism/internal/core/core.go:15.56,16.31 1 0
github.com/base-org/pessimism/internal/core/core.go:16.31,18.3 1 0
github.com/base-org/pessimism/internal/core/core.go:36.82,43.27 2 0
github.com/base-org/pessimism/internal/core/core.go:43.27,45.3 1 0
github.com/base-org/pessimism/internal/core/core.go:47.2,47.11 1 0
github.com/base-org/pessimism/internal/core/core.go:52.41,54.2 1 0
github.com/base-org/pessimism/internal/core/core.go:57.43,59.2 1 0
github.com/base-org/pessimism/internal/core/core.go:76.81,81.2 1 0
github.com/base-org/pessimism/internal/core/core.go:84.69,92.2 3 0
github.com/base-org/pessimism/internal/core/core.go:105.44,108.2 2 0
github.com/base-org/pessimism/internal/core/core.go:111.43,117.2 3 0
github.com/base-org/pessimism/internal/core/core.go:119.60,121.12 2 0
github.com/base-org/pessimism/internal/core/core.go:121.12,123.3 1 0
github.com/base-org/pessimism/internal/core/core.go:125.2,125.17 1 0
github.com/base-org/pessimism/internal/core/core.go:129.54,131.12 2 0
github.com/base-org/pessimism/internal/core/core.go:131.12,133.3 1 0
github.com/base-org/pessimism/internal/core/core.go:135.2,136.14 2 0
github.com/base-org/pessimism/internal/core/core.go:136.14,138.3 1 0
github.com/base-org/pessimism/internal/core/core.go:140.2,140.34 1 0
github.com/base-org/pessimism/internal/core/core.go:144.59,146.2 1 0
github.com/base-org/pessimism/internal/core/core.go:150.59,154.2 3 0
github.com/base-org/pessimism/internal/core/core.go:157.48,159.12 2 0
github.com/base-org/pessimism/internal/core/core.go:159.12,161.3 1 0
github.com/base-org/pessimism/internal/core/core.go:163.2,164.14 2 0
github.com/base-org/pessimism/internal/core/core.go:164.14,166.3 1 0
github.com/base-org/pessimism/internal/core/core.go:168.2,168.13 1 0
github.com/base-org/pessimism/internal/core/etl.go:12.41,13.12 1 1
github.com/base-org/pessimism/internal/core/etl.go:14.14,15.18 1 1
github.com/base-org/pessimism/internal/core/etl.go:17.12,18.16 1 0
github.com/base-org/pessimism/internal/core/etl.go:20.18,21.22 1 0
github.com/base-org/pessimism/internal/core/etl.go:24.2,24.20 1 1
github.com/base-org/pessimism/internal/core/etl.go:36.59,37.20 1 0
github.com/base-org/pessimism/internal/core/etl.go:38.18,39.18 1 0
github.com/base-org/pessimism/internal/core/etl.go:41.14,42.14 1 0
github.com/base-org/pessimism/internal/core/etl.go:44.18,45.18 1 0
github.com/base-org/pessimism/internal/core/etl.go:48.2,48.24 1 0
github.com/base-org/pessimism/internal/core/etl.go:51.40,52.12 1 1
github.com/base-org/pessimism/internal/core/etl.go:53.16,54.20 1 1
github.com/base-org/pessimism/internal/core/etl.go:56.12,57.16 1 1
github.com/base-org/pessimism/internal/core/etl.go:59.16,60.20 1 0
github.com/base-org/pessimism/internal/core/etl.go:63.2,63.20 1 1
github.com/base-org/pessimism/internal/core/id.go:15.21,19.2 1 1
github.com/base-org/pessimism/internal/core/id.go:22.21,24.2 1 1
github.com/base-org/pessimism/internal/core/id.go:29.37,42.2 2 1
github.com/base-org/pessimism/internal/core/id.go:65.47,67.2 1 0
github.com/base-org/pessimism/internal/core/id.go:80.44,82.2 1 0
github.com/base-org/pessimism/internal/core/id.go:85.50,87.2 1 0
github.com/base-org/pessimism/internal/core/id.go:92.23,97.2 1 0
github.com/base-org/pessimism/internal/core/id.go:100.23,105.2 1 1
github.com/base-org/pessimism/internal/core/id.go:108.23,113.2 1 0
github.com/base-org/pessimism/internal/core/id.go:116.85,128.2 2 1
github.com/base-org/pessimism/internal/core/id.go:131.64,150.2 3 1
github.com/base-org/pessimism/internal/core/id.go:153.73,164.2 2 1
github.com/base-org/pessimism/internal/core/id.go:167.41,174.2 1 1
github.com/base-org/pessimism/internal/core/id.go:177.35,182.2 1 0
github.com/base-org/pessimism/internal/core/id.go:185.40,187.2 1 0
github.com/base-org/pessimism/internal/core/id.go:190.40,196.2 4 1
github.com/base-org/pessimism/internal/core/id.go:199.35,203.2 1 1
github.com/base-org/pessimism/internal/core/id.go:206.42,212.2 1 1
github.com/base-org/pessimism/internal/core/id.go:215.35,218.2 1 0
github.com/base-org/pessimism/internal/core/register.go:14.40,15.12 1 1
github.com/base-org/pessimism/internal/core/register.go:16.22,17.27 1 1
github.com/base-org/pessimism/internal/core/register.go:19.17,20.22 1 0
github.com/base-org/pessimism/internal/core/register.go:22.16,23.21 1 0
github.com/base-org/pessimism/internal/core/register.go:26.2,26.20 1 1
github.com/base-org/pessimism/internal/core/register.go:42.46,44.2 1 0
github.com/base-org/pessimism/internal/core/register.go:47.41,49.2 1 0
github.com/base-org/pessimism/internal/core/register.go:59.83,65.2 4 0
github.com/base-org/pessimism/internal/core/state.go:17.39,24.2 1 0
github.com/base-org/pessimism/internal/core/state.go:28.69,34.2 1 1
github.com/base-org/pessimism/internal/core/state.go:39.37,41.2 1 0
github.com/base-org/pessimism/internal/core/state.go:44.49,45.21 1 1
github.com/base-org/pessimism/internal/core/state.go:45.21,47.3 1 1
github.com/base-org/pessimism/internal/core/state.go:49.2,50.12 2 1
github.com/base-org/pessimism/internal/core/state.go:59.36,62.21 2 1
github.com/base-org/pessimism/internal/core/state.go:62.21,64.3 1 1
github.com/base-org/pessimism/internal/core/state.go:66.2,66.57 1 1
github.com/base-org/pessimism/internal/api/handlers/handlers.go:36.74,50.2 8 1
github.com/base-org/pessimism/internal/api/handlers/handlers.go:53.79,55.2 1 0
github.com/base-org/pessimism/internal/api/handlers/handlers.go:59.60,61.2 1 1
github.com/base-org/pessimism/internal/api/handlers/health.go:10.81,12.2 1 1
github.com/base-org/pessimism/internal/api/handlers/invariant.go:14.26,17.2 2 1
github.com/base-org/pessimism/internal/api/handlers/invariant.go:20.82,23.62 2 1
github.com/base-org/pessimism/internal/api/handlers/invariant.go:23.62,30.3 3 1
github.com/base-org/pessimism/internal/api/handlers/invariant.go:32.2,33.16 2 1
github.com/base-org/pessimism/internal/api/handlers/invariant.go:33.16,39.3 3 1
github.com/base-org/pessimism/internal/api/handlers/invariant.go:41.2,41.65 1 1
github.com/base-org/pessimism/internal/common/common.go:11.42,13.2 1 1
github.com/base-org/pessimism/internal/common/common.go:16.56,18.29 2 0
github.com/base-org/pessimism/internal/common/common.go:18.29,20.3 1 0
github.com/base-org/pessimism/internal/common/common.go:22.2,22.18 1 0
github.com/base-org/pessimism/internal/api/service/health.go:15.64,29.2 3 1
github.com/base-org/pessimism/internal/api/service/health.go:31.69,34.16 3 1
github.com/base-org/pessimism/internal/api/service/health.go:34.16,37.3 2 0
github.com/base-org/pessimism/internal/api/service/health.go:39.2,40.16 2 1
github.com/base-org/pessimism/internal/api/service/health.go:40.16,43.3 2 1
github.com/base-org/pessimism/internal/api/service/health.go:45.2,46.13 2 1
github.com/base-org/pessimism/internal/api/service/invariant.go:9.101,10.35 1 1
github.com/base-org/pessimism/internal/api/service/invariant.go:10.35,12.3 1 1
github.com/base-org/pessimism/internal/api/service/invariant.go:15.2,15.29 1 0
github.com/base-org/pessimism/internal/api/service/invariant.go:19.103,21.16 2 1
github.com/base-org/pessimism/internal/api/service/invariant.go:21.16,23.3 1 1
github.com/base-org/pessimism/internal/api/service/invariant.go:25.2,28.16 3 1
github.com/base-org/pessimism/internal/api/service/invariant.go:28.16,30.3 1 1
github.com/base-org/pessimism/internal/api/service/invariant.go:32.2,33.16 2 1
github.com/base-org/pessimism/internal/api/service/invariant.go:33.16,35.3 1 1
github.com/base-org/pessimism/internal/api/service/invariant.go:37.2,37.19 1 1
github.com/base-org/pessimism/internal/api/service/service.go:29.70,34.2 1 1
github.com/base-org/pessimism/internal/engine/addressing.go:22.106,23.39 1 1
github.com/base-org/pessimism/internal/engine/addressing.go:23.39,25.3 1 0
github.com/base-org/pessimism/internal/engine/addressing.go:27.2,27.46 1 1
github.com/base-org/pessimism/internal/engine/addressing.go:27.46,29.3 1 1
github.com/base-org/pessimism/internal/engine/addressing.go:31.2,31.34 1 1
github.com/base-org/pessimism/internal/engine/addressing.go:35.96,37.36 1 1
github.com/base-org/pessimism/internal/engine/addressing.go:37.36,41.3 3 1
github.com/base-org/pessimism/internal/engine/addressing.go:44.2,44.43 1 1
github.com/base-org/pessimism/internal/engine/addressing.go:44.43,47.3 2 0
github.com/base-org/pessimism/internal/engine/addressing.go:50.2,50.42 1 1
github.com/base-org/pessimism/internal/engine/addressing.go:50.42,51.21 1 1
github.com/base-org/pessimism/internal/engine/addressing.go:51.21,53.4 1 0
github.com/base-org/pessimism/internal/engine/addressing.go:57.2,58.12 2 1
github.com/base-org/pessimism/internal/engine/addressing.go:62.39,66.2 1 1
github.com/base-org/pessimism/internal/engine/engine.go:35.38,37.2 1 1
github.com/base-org/pessimism/internal/engine/engine.go:40.39,42.2 1 0
github.com/base-org/pessimism/internal/engine/engine.go:46.54,52.16 4 1
github.com/base-org/pessimism/internal/engine/engine.go:52.16,55.3 2 1
github.com/base-org/pessimism/internal/engine/engine.go:57.2,57.25 1 1
github.com/base-org/pessimism/internal/engine/manager.go:53.89,70.2 4 1
github.com/base-org/pessimism/internal/engine/manager.go:73.61,75.2 1 1
github.com/base-org/pessimism/internal/engine/manager.go:78.83,81.2 2 0
github.com/base-org/pessimism/internal/engine/manager.go:87.45,90.38 2 1
github.com/base-org/pessimism/internal/engine/manager.go:90.38,92.3 1 0
github.com/base-org/pessimism/internal/engine/manager.go:95.2,96.16 2 1
github.com/base-org/pessimism/internal/engine/manager.go:96.16,98.3 1 0
github.com/base-org/pessimism/internal/engine/manager.go:100.2,100.19 1 1
github.com/base-org/pessimism/internal/engine/manager.go:100.19,101.46 1 0
github.com/base-org/pessimism/internal/engine/manager.go:101.46,103.16 2 0
github.com/base-org/pessimism/internal/engine/manager.go:103.16,105.5 1 0
github.com/base-org/pessimism/internal/engine/manager.go:108.4,116.18 3 0
github.com/base-org/pessimism/internal/engine/manager.go:116.18,118.5 1 0
github.com/base-org/pessimism/internal/engine/manager.go:122.2,126.12 2 1
github.com/base-org/pessimism/internal/engine/manager.go:130.98,132.13 2 1
github.com/base-org/pessimism/internal/engine/manager.go:132.13,134.3 1 0
github.com/base-org/pessimism/internal/engine/manager.go:136.2,136.27 1 1
github.com/base-org/pessimism/internal/engine/manager.go:136.27,138.17 2 1
github.com/base-org/pessimism/internal/engine/manager.go:138.17,140.4 1 0
github.com/base-org/pessimism/internal/engine/manager.go:144.2,145.16 2 1
github.com/base-org/pessimism/internal/engine/manager.go:145.16,147.3 1 0
github.com/base-org/pessimism/internal/engine/manager.go:150.2,154.16 4 1
github.com/base-org/pessimism/internal/engine/manager.go:154.16,156.3 1 0
github.com/base-org/pessimism/internal/engine/manager.go:159.2,159.18 1 1
github.com/base-org/pessimism/internal/engine/manager.go:159.18,161.17 2 1
github.com/base-org/pessimism/internal/engine/manager.go:161.17,163.4 1 0
github.com/base-org/pessimism/internal/engine/manager.go:165.3,166.17 2 1
github.com/base-org/pessimism/internal/engine/manager.go:166.17,168.4 1 0
github.com/base-org/pessimism/internal/engine/manager.go:171.2,172.19 2 1
github.com/base-org/pessimism/internal/engine/manager.go:176.44,179.6 2 1
github.com/base-org/pessimism/internal/engine/manager.go:179.6,180.10 1 1
github.com/base-org/pessimism/internal/engine/manager.go:181.32,185.38 2 1
github.com/base-org/pessimism/internal/engine/manager.go:187.24,189.14 2 1
github.com/base-org/pessimism/internal/engine/manager.go:195.94,197.13 2 0
github.com/base-org/pessimism/internal/engine/manager.go:197.13,199.3 1 0
github.com/base-org/pessimism/internal/engine/manager.go:201.2,201.27 1 0
github.com/base-org/pessimism/internal/engine/manager.go:205.43,208.2 2 1
github.com/base-org/pessimism/internal/engine/manager.go:211.91,212.28 1 1
github.com/base-org/pessimism/internal/engine/manager.go:212.28,214.3 1 1
github.com/base-org/pessimism/internal/engine/manager.go:214.8,216.3 1 0
github.com/base-org/pessimism/internal/engine/manager.go:220.98,224.16 3 1
github.com/base-org/pessimism/internal/engine/manager.go:224.16,229.3 2 0
github.com/base-org/pessimism/internal/engine/manager.go:231.2,231.28 1 1
github.com/base-org/pessimism/internal/engine/manager.go:231.28,233.17 2 1
github.com/base-org/pessimism/internal/engine/manager.go:233.17,237.12 2 0
github.com/base-org/pessimism/internal/engine/manager.go:240.3,240.38 1 1
github.com/base-org/pessimism/internal/engine/manager.go:245.101,250.16 3 0
github.com/base-org/pessimism/internal/engine/manager.go:250.16,254.3 1 0
github.com/base-org/pessimism/internal/engine/manager.go:257.2,258.16 2 0
github.com/base-org/pessimism/internal/engine/manager.go:258.16,262.3 1 0
github.com/base-org/pessimism/internal/engine/manager.go:264.2,264.27 1 0
github.com/base-org/pessimism/internal/engine/manager.go:264.27,266.3 1 0
github.com/base-org/pessimism/internal/engine/manager.go:270.115,276.17 3 1
github.com/base-org/pessimism/internal/engine/manager.go:276.17,290.3 4 1
github.com/base-org/pessimism/internal/engine/manager.go:291.2,291.53 1 1
github.com/base-org/pessimism/internal/engine/store.go:25.37,30.2 1 1
github.com/base-org/pessimism/internal/engine/store.go:33.97,36.30 2 1
github.com/base-org/pessimism/internal/engine/store.go:36.30,38.17 2 1
github.com/base-org/pessimism/internal/engine/store.go:38.17,40.4 1 0
github.com/base-org/pessimism/internal/engine/store.go:42.3,42.26 1 1
github.com/base-org/pessimism/internal/engine/store.go:45.2,45.24 1 1
github.com/base-org/pessimism/internal/engine/store.go:49.90,50.50 1 1
github.com/base-org/pessimism/internal/engine/store.go:50.50,52.3 1 1
github.com/base-org/pessimism/internal/engine/store.go:53.2,53.78 1 1
github.com/base-org/pessimism/internal/engine/store.go:57.82,58.49 1 1
github.com/base-org/pessimism/internal/engine/store.go:58.49,60.3 1 1
github.com/base-org/pessimism/internal/engine/store.go:61.2,61.77 1 0
github.com/base-org/pessimism/internal/engine/store.go:66.51,67.46 1 1
github.com/base-org/pessimism/internal/engine/store.go:67.46,69.3 1 1
github.com/base-org/pessimism/internal/engine/store.go:71.2,71.41 1 1
github.com/base-org/pessimism/internal/engine/store.go:71.41,73.3 1 1
github.com/base-org/pessimism/internal/engine/store.go:75.2,77.12 3 1
github.com/base-org/pessimism/internal/engine/store.go:82.45,84.2 1 0
github.com/base-org/pessimism/internal/engine/registry/balance.go:22.89,25.16 3 0
github.com/base-org/pessimism/internal/engine/registry/balance.go:25.16,27.3 1 0
github.com/base-org/pessimism/internal/engine/registry/balance.go:29.2,29.23 1 0
github.com/base-org/pessimism/internal/engine/registry/balance.go:50.78,55.2 1 1
github.com/base-org/pessimism/internal/engine/registry/balance.go:59.95,62.31 2 1
github.com/base-org/pessimism/internal/engine/registry/balance.go:62.31,64.3 1 0
github.com/base-org/pessimism/internal/engine/registry/balance.go:66.2,67.9 2 1
github.com/base-org/pessimism/internal/engine/registry/balance.go:67.9,69.3 1 0
github.com/base-org/pessimism/internal/engine/registry/balance.go:71.2,75.32 2 1
github.com/base-org/pessimism/internal/engine/registry/balance.go:75.32,77.3 1 1
github.com/base-org/pessimism/internal/engine/registry/balance.go:80.2,81.32 1 1
github.com/base-org/pessimism/internal/engine/registry/balance.go:81.32,83.3 1 1
github.com/base-org/pessimism/internal/engine/registry/balance.go:85.2,85.17 1 1
github.com/base-org/pessimism/internal/engine/registry/balance.go:85.17,88.31 2 1
github.com/base-org/pessimism/internal/engine/registry/balance.go:88.31,90.4 1 1
github.com/base-org/pessimism/internal/engine/registry/balance.go:90.9,92.4 1 0
github.com/base-org/pessimism/internal/engine/registry/balance.go:94.3,94.31 1 1
github.com/base-org/pessimism/internal/engine/registry/balance.go:94.31,96.4 1 1
github.com/base-org/pessimism/internal/engine/registry/balance.go:96.9,98.4 1 0
github.com/base-org/pessimism/internal/engine/registry/balance.go:100.3,105.15 1 1
github.com/base-org/pessimism/internal/engine/registry/balance.go:109.2,109.24 1 1
github.com/base-org/pessimism/internal/engine/registry/contract_event.go:22.85,25.16 3 0
github.com/base-org/pessimism/internal/engine/registry/contract_event.go:25.16,27.3 1 0
github.com/base-org/pessimism/internal/engine/registry/contract_event.go:29.2,29.23 1 0
github.com/base-org/pessimism/internal/engine/registry/contract_event.go:51.65,54.31 2 1
github.com/base-org/pessimism/internal/engine/registry/contract_event.go:54.31,56.3 1 1
github.com/base-org/pessimism/internal/engine/registry/contract_event.go:58.2,63.3 1 1
github.com/base-org/pessimism/internal/engine/registry/contract_event.go:68.93,69.31 1 1
github.com/base-org/pessimism/internal/engine/registry/contract_event.go:69.31,71.3 1 0
github.com/base-org/pessimism/internal/engine/registry/contract_event.go:73.2,73.43 1 1
github.com/base-org/pessimism/internal/engine/registry/contract_event.go:73.43,75.3 1 1
github.com/base-org/pessimism/internal/engine/registry/contract_event.go:77.2,78.14 2 1
github.com/base-org/pessimism/internal/engine/registry/contract_event.go:78.14,80.3 1 0
github.com/base-org/pessimism/internal/engine/registry/contract_event.go:82.2,83.30 2 1
github.com/base-org/pessimism/internal/engine/registry/contract_event.go:83.30,84.27 1 1
github.com/base-org/pessimism/internal/engine/registry/contract_event.go:84.27,86.9 2 1
github.com/base-org/pessimism/internal/engine/registry/contract_event.go:90.2,90.18 1 1
github.com/base-org/pessimism/internal/engine/registry/contract_event.go:90.18,92.3 1 1
github.com/base-org/pessimism/internal/engine/registry/contract_event.go:94.2,96.14 1 1
github.com/base-org/pessimism/internal/engine/registry/registry.go:24.41,47.2 2 0
github.com/base-org/pessimism/internal/engine/registry/registry.go:50.113,52.16 2 0
github.com/base-org/pessimism/internal/engine/registry/registry.go:52.16,54.3 1 0
github.com/base-org/pessimism/internal/engine/registry/registry.go:56.2,56.40 1 0
github.com/base-org/pessimism/internal/engine/registry/registry.go:60.100,62.16 2 0
github.com/base-org/pessimism/internal/engine/registry/registry.go:62.16,64.3 1 0
github.com/base-org/pessimism/internal/engine/registry/registry.go:66.2,66.36 1 0
github.com/base-org/pessimism/internal/engine/registry/registry.go:70.102,72.16 2 0
github.com/base-org/pessimism/internal/engine/registry/registry.go:72.16,74.3 1 0
github.com/base-org/pessimism/internal/engine/registry/registry.go:76.2,76.33 1 0
github.com/base-org/pessimism/internal/engine/registry/registry.go:80.56,82.16 2 1
github.com/base-org/pessimism/internal/engine/registry/registry.go:82.16,84.3 1 1
github.com/base-org/pessimism/internal/engine/registry/registry.go:86.2,86.32 1 1
github.com/base-org/pessimism/internal/engine/registry/registry.go:86.32,88.3 1 1
github.com/base-org/pessimism/internal/engine/registry/registry.go:89.2,89.12 1 1
github.com/base-org/pessimism/internal/engine/registry/registry.go:93.58,95.30 2 1
github.com/base-org/pessimism/internal/engine/registry/registry.go:95.30,97.3 1 1
github.com/base-org/pessimism/internal/engine/registry/registry.go:99.2,99.12 1 1
github.com/base-org/pessimism/internal/engine/registry/registry.go:106.66,108.16 2 1
github.com/base-org/pessimism/internal/engine/registry/registry.go:108.16,110.3 1 1
github.com/base-org/pessimism/internal/engine/registry/registry.go:112.2,113.16 2 1
github.com/base-org/pessimism/internal/engine/registry/registry.go:113.16,115.3 1 1
github.com/base-org/pessimism/internal/engine/registry/registry.go:119.2,121.32 2 1
github.com/base-org/pessimism/internal/engine/registry/registry.go:121.32,123.3 1 1
github.com/base-org/pessimism/internal/engine/registry/registry.go:125.2,126.12 2 1
github.com/base-org/pessimism/internal/engine/registry/withdrawal_enforce.go:37.93,40.16 3 0
github.com/base-org/pessimism/internal/engine/registry/withdrawal_enforce.go:40.16,42.3 1 0
github.com/base-org/pessimism/internal/engine/registry/withdrawal_enforce.go:44.2,44.23 1 0
github.com/base-org/pessimism/internal/engine/registry/withdrawal_enforce.go:58.103,60.16 2 0
github.com/base-org/pessimism/internal/engine/registry/withdrawal_enforce.go:60.16,62.3 1 0
github.com/base-org/pessimism/internal/engine/registry/withdrawal_enforce.go:64.2,65.16 2 0
github.com/base-org/pessimism/internal/engine/registry/withdrawal_enforce.go:65.16,67.3 1 0
github.com/base-org/pessimism/internal/engine/registry/withdrawal_enforce.go:69.2,73.16 4 0
github.com/base-org/pessimism/internal/engine/registry/withdrawal_enforce.go:73.16,75.3 1 0
github.com/base-org/pessimism/internal/engine/registry/withdrawal_enforce.go:77.2,78.16 2 0
github.com/base-org/pessimism/internal/engine/registry/withdrawal_enforce.go:78.16,80.3 1 0
github.com/base-org/pessimism/internal/engine/registry/withdrawal_enforce.go:82.2,90.8 1 0
github.com/base-org/pessimism/internal/engine/registry/withdrawal_enforce.go:95.97,98.31 2 0
github.com/base-org/pessimism/internal/engine/registry/withdrawal_enforce.go:98.31,100.3 1 0
github.com/base-org/pessimism/internal/engine/registry/withdrawal_enforce.go:102.2,102.51 1 0
github.com/base-org/pessimism/internal/engine/registry/withdrawal_enforce.go:102.51,104.3 1 0
github.com/base-org/pessimism/internal/engine/registry/withdrawal_enforce.go:106.2,107.14 2 0
github.com/base-org/pessimism/internal/engine/registry/withdrawal_enforce.go:107.14,109.3 1 0
github.com/base-org/pessimism/internal/engine/registry/withdrawal_enforce.go:111.2,112.16 2 0
github.com/base-org/pessimism/internal/engine/registry/withdrawal_enforce.go:112.16,114.3 1 0
github.com/base-org/pessimism/internal/engine/registry/withdrawal_enforce.go:116.2,117.16 2 0
github.com/base-org/pessimism/internal/engine/registry/withdrawal_enforce.go:117.16,119.3 1 0
github.com/base-org/pessimism/internal/engine/registry/withdrawal_enforce.go:121.2,121.13 1 0
github.com/base-org/pessimism/internal/engine/registry/withdrawal_enforce.go:121.13,127.3 1 0
github.com/base-org/pessimism/internal/engine/registry/withdrawal_enforce.go:129.2,129.24 1 0
github.com/base-org/pessimism/internal/etl/component/component.go:78.73,92.2 1 1
github.com/base-org/pessimism/internal/etl/component/component.go:95.53,97.2 1 0
github.com/base-org/pessimism/internal/etl/component/component.go:100.49,102.2 1 0
github.com/base-org/pessimism/internal/etl/component/component.go:105.41,107.2 1 0
github.com/base-org/pessimism/internal/etl/component/component.go:111.42,113.2 1 0
github.com/base-org/pessimism/internal/etl/component/component.go:116.49,118.2 1 0
github.com/base-org/pessimism/internal/etl/component/component.go:121.54,123.2 1 1
github.com/base-org/pessimism/internal/etl/component/component.go:126.57,135.2 3 1
github.com/base-org/pessimism/internal/etl/component/component.go:141.38,142.30 1 0
github.com/base-org/pessimism/internal/etl/component/component.go:142.30,144.3 1 0
github.com/base-org/pessimism/internal/etl/component/component.go:148.41,149.30 1 0
github.com/base-org/pessimism/internal/etl/component/component.go:149.30,151.3 1 0
github.com/base-org/pessimism/internal/etl/component/component.go:155.48,156.28 1 0
github.com/base-org/pessimism/internal/etl/component/component.go:156.28,158.3 1 0
github.com/base-org/pessimism/internal/etl/component/component.go:162.50,163.28 1 0
github.com/base-org/pessimism/internal/etl/component/component.go:163.28,165.3 1 0
github.com/base-org/pessimism/internal/etl/component/component.go:169.46,170.28 1 0
github.com/base-org/pessimism/internal/etl/component/component.go:170.28,172.3 1 0
github.com/base-org/pessimism/internal/etl/component/egress.go:18.40,23.2 1 1
github.com/base-org/pessimism/internal/etl/component/egress.go:26.58,27.51 1 1
github.com/base-org/pessimism/internal/etl/component/egress.go:27.51,29.3 1 0
github.com/base-org/pessimism/internal/etl/component/egress.go:31.2,31.25 1 1
github.com/base-org/pessimism/internal/etl/component/egress.go:31.25,32.55 1 1
github.com/base-org/pessimism/internal/etl/component/egress.go:32.55,34.4 1 0
github.com/base-org/pessimism/internal/etl/component/egress.go:38.2,38.38 1 1
github.com/base-org/pessimism/internal/etl/component/egress.go:38.38,40.3 1 1
github.com/base-org/pessimism/internal/etl/component/egress.go:42.2,42.12 1 1
github.com/base-org/pessimism/internal/etl/component/egress.go:46.72,48.33 1 1
github.com/base-org/pessimism/internal/etl/component/egress.go:48.33,51.39 1 1
github.com/base-org/pessimism/internal/etl/component/egress.go:51.39,53.4 1 0
github.com/base-org/pessimism/internal/etl/component/egress.go:56.2,56.12 1 1
github.com/base-org/pessimism/internal/etl/component/egress.go:60.97,61.53 1 1
github.com/base-org/pessimism/internal/etl/component/egress.go:61.53,63.3 1 1
github.com/base-org/pessimism/internal/etl/component/egress.go:65.2,66.12 2 1
github.com/base-org/pessimism/internal/etl/component/egress.go:70.69,71.54 1 1
github.com/base-org/pessimism/internal/etl/component/egress.go:71.54,73.3 1 1
github.com/base-org/pessimism/internal/etl/component/egress.go:75.2,76.12 2 1
github.com/base-org/pessimism/internal/etl/component/egress.go:80.48,82.2 1 1
github.com/base-org/pessimism/internal/etl/component/egress.go:85.71,86.25 1 1
github.com/base-org/pessimism/internal/etl/component/egress.go:86.25,88.3 1 1
github.com/base-org/pessimism/internal/etl/component/egress.go:90.2,91.12 2 1
github.com/base-org/pessimism/internal/etl/component/ingress.go:17.42,21.2 1 1
github.com/base-org/pessimism/internal/etl/component/ingress.go:24.91,26.12 2 1
github.com/base-org/pessimism/internal/etl/component/ingress.go:26.12,28.3 1 0
github.com/base-org/pessimism/internal/etl/component/ingress.go:30.2,30.17 1 1
github.com/base-org/pessimism/internal/etl/component/ingress.go:34.69,35.40 1 1
github.com/base-org/pessimism/internal/etl/component/ingress.go:35.40,37.3 1 1
github.com/base-org/pessimism/internal/etl/component/ingress.go:39.2,41.12 2 1
github.com/base-org/pessimism/internal/etl/component/oracle.go:35.58,45.27 2 0
github.com/base-org/pessimism/internal/etl/component/oracle.go:45.27,47.3 1 0
github.com/base-org/pessimism/internal/etl/component/oracle.go:49.2,52.15 2 0
github.com/base-org/pessimism/internal/etl/component/oracle.go:56.32,66.2 5 0
github.com/base-org/pessimism/internal/etl/component/oracle.go:70.36,74.16 2 0
github.com/base-org/pessimism/internal/etl/component/oracle.go:74.16,76.3 1 0
github.com/base-org/pessimism/internal/etl/component/oracle.go:78.2,89.12 5 0
github.com/base-org/pessimism/internal/etl/component/oracle.go:89.12,91.79 2 0
github.com/base-org/pessimism/internal/etl/component/oracle.go:91.79,95.4 1 0
github.com/base-org/pessimism/internal/etl/component/oracle.go:98.2,98.6 1 0
github.com/base-org/pessimism/internal/etl/component/oracle.go:98.6,99.10 1 0
github.com/base-org/pessimism/internal/etl/component/oracle.go:100.42,104.61 2 0
github.com/base-org/pessimism/internal/etl/component/oracle.go:104.61,106.5 1 0
github.com/base-org/pessimism/internal/etl/component/oracle.go:108.22,120.14 6 0
github.com/base-org/pessimism/internal/etl/component/pipe.go:30.64,41.51 2 1
github.com/base-org/pessimism/internal/etl/component/pipe.go:41.51,43.3 1 0
github.com/base-org/pessimism/internal/etl/component/pipe.go:45.2,45.27 1 1
github.com/base-org/pessimism/internal/etl/component/pipe.go:45.27,47.3 1 0
github.com/base-org/pessimism/internal/etl/component/pipe.go:49.2,49.18 1 1
github.com/base-org/pessimism/internal/etl/component/pipe.go:53.30,57.2 2 0
github.com/base-org/pessimism/internal/etl/component/pipe.go:62.34,70.16 4 1
github.com/base-org/pessimism/internal/etl/component/pipe.go:70.16,72.3 1 0
github.com/base-org/pessimism/internal/etl/component/pipe.go:74.2,74.55 1 1
github.com/base-org/pessimism/internal/etl/component/pipe.go:74.55,76.3 1 0
github.com/base-org/pessimism/internal/etl/component/pipe.go:78.2,78.6 1 1
github.com/base-org/pessimism/internal/etl/component/pipe.go:78.6,79.10 1 1
github.com/base-org/pessimism/internal/etl/component/pipe.go:80.30,82.18 2 1
github.com/base-org/pessimism/internal/etl/component/pipe.go:82.18,85.13 2 0
github.com/base-org/pessimism/internal/etl/component/pipe.go:88.4,88.45 1 1
github.com/base-org/pessimism/internal/etl/component/pipe.go:88.45,92.5 1 1
github.com/base-org/pessimism/internal/etl/component/pipe.go:92.10,95.13 2 0
github.com/base-org/pessimism/internal/etl/component/pipe.go:98.4,102.64 2 1
github.com/base-org/pessimism/internal/etl/component/pipe.go:102.64,104.5 1 0
github.com/base-org/pessimism/internal/etl/component/pipe.go:107.22,113.14 2 0
github.com/base-org/pessimism/internal/etl/component/types.go:17.41,18.12 1 0
github.com/base-org/pessimism/internal/etl/component/types.go:19.16,20.20 1 0
github.com/base-org/pessimism/internal/etl/component/types.go:22.12,23.16 1 0
github.com/base-org/pessimism/internal/etl/component/types.go:25.18,26.22 1 0
github.com/base-org/pessimism/internal/etl/component/types.go:29.2,29.18 1 0
github.com/base-org/pessimism/internal/etl/registry/registry.go:28.29,70.2 2 1
github.com/base-org/pessimism/internal/etl/registry/registry.go:73.63,78.2 3 1
github.com/base-org/pessimism/internal/etl/registry/registry.go:81.35,83.2 1 1
github.com/base-org/pessimism/internal/etl/registry/registry.go:87.31,89.2 1 1
github.com/base-org/pessimism/internal/etl/registry/registry.go:92.107,94.16 2 1
github.com/base-org/pessimism/internal/etl/registry/registry.go:94.16,96.3 1 0
github.com/base-org/pessimism/internal/etl/registry/registry.go:98.2,102.52 3 1
github.com/base-org/pessimism/internal/etl/registry/registry.go:102.52,104.17 2 1
github.com/base-org/pessimism/internal/etl/registry/registry.go:104.17,106.4 1 0
github.com/base-org/pessimism/internal/etl/registry/registry.go:108.3,108.31 1 1
github.com/base-org/pessimism/internal/etl/registry/registry.go:111.2,111.58 1 1
github.com/base-org/pessimism/internal/etl/registry/registry.go:115.92,116.44 1 1
github.com/base-org/pessimism/internal/etl/registry/registry.go:116.44,118.3 1 1
github.com/base-org/pessimism/internal/etl/registry/registry.go:120.2,120.30 1 1
github.com/base-org/pessimism/internal/etl/pipeline/analysis.go:24.56,28.2 1 1
github.com/base-org/pessimism/internal/etl/pipeline/analysis.go:31.60,33.50 1 1
github.com/base-org/pessimism/internal/etl/pipeline/analysis.go:33.50,35.3 1 0
github.com/base-org/pessimism/internal/etl/pipeline/analysis.go:38.2,39.41 1 1
github.com/base-org/pessimism/internal/etl/pipeline/analysis.go:39.41,41.3 1 0
github.com/base-org/pessimism/internal/etl/pipeline/analysis.go:48.2,49.39 1 1
github.com/base-org/pessimism/internal/etl/pipeline/analysis.go:49.39,51.3 1 0
github.com/base-org/pessimism/internal/etl/pipeline/analysis.go:54.2,54.36 1 1
github.com/base-org/pessimism/internal/etl/pipeline/analysis.go:54.36,56.3 1 1
github.com/base-org/pessimism/internal/etl/pipeline/analysis.go:58.2,58.13 1 1
github.com/base-org/pessimism/internal/etl/pipeline/analysis.go:62.100,63.40 1 0
github.com/base-org/pessimism/internal/etl/pipeline/analysis.go:63.40,67.17 3 0
github.com/base-org/pessimism/internal/etl/pipeline/analysis.go:67.17,69.4 1 0
github.com/base-org/pessimism/internal/etl/pipeline/analysis.go:71.3,71.21 1 0
github.com/base-org/pessimism/internal/etl/pipeline/analysis.go:71.21,73.18 2 0
github.com/base-org/pessimism/internal/etl/pipeline/analysis.go:73.18,75.5 1 0
github.com/base-org/pessimism/internal/etl/pipeline/analysis.go:78.2,78.16 1 0
github.com/base-org/pessimism/internal/etl/pipeline/analysis.go:83.27,85.16 2 0
github.com/base-org/pessimism/internal/etl/pipeline/analysis.go:85.16,87.3 1 0
github.com/base-org/pessimism/internal/etl/pipeline/analysis.go:89.2,90.16 2 0
github.com/base-org/pessimism/internal/etl/pipeline/analysis.go:90.16,92.3 1 0
github.com/base-org/pessimism/internal/etl/pipeline/analysis.go:94.2,94.29 1 0
github.com/base-org/pessimism/internal/etl/pipeline/analysis.go:94.29,96.17 2 0
github.com/base-org/pessimism/internal/etl/pipeline/analysis.go:96.17,98.4 1 0
github.com/base-org/pessimism/internal/etl/pipeline/analysis.go:101.2,101.33 1 0
github.com/base-org/pessimism/internal/etl/pipeline/analysis.go:101.33,103.17 2 0
github.com/base-org/pessimism/internal/etl/pipeline/analysis.go:103.17,105.4 1 0
github.com/base-org/pessimism/internal/etl/pipeline/analysis.go:108.2,108.12 1 0
github.com/base-org/pessimism/internal/etl/pipeline/analysis.go:113.43,115.16 2 0
github.com/base-org/pessimism/internal/etl/pipeline/analysis.go:115.16,117.3 1 0
github.com/base-org/pessimism/internal/etl/pipeline/analysis.go:119.2,119.29 1 0
github.com/base-org/pessimism/internal/etl/pipeline/analysis.go:119.29,133.17 4 0
github.com/base-org/pessimism/internal/etl/pipeline/analysis.go:133.17,135.4 1 0
github.com/base-org/pessimism/internal/etl/pipeline/analysis.go:137.3,137.38 1 0
github.com/base-org/pessimism/internal/etl/pipeline/analysis.go:137.38,139.18 2 0
github.com/base-org/pessimism/internal/etl/pipeline/analysis.go:139.18,141.5 1 0
github.com/base-org/pessimism/internal/etl/pipeline/analysis.go:144.3,145.17 2 0
github.com/base-org/pessimism/internal/etl/pipeline/analysis.go:145.17,147.4 1 0
github.com/base-org/pessimism/internal/etl/pipeline/analysis.go:150.2,150.12 1 0
github.com/base-org/pessimism/internal/etl/pipeline/graph.go:36.66,42.2 1 1
github.com/base-org/pessimism/internal/etl/pipeline/graph.go:50.41,54.2 1 1
github.com/base-org/pessimism/internal/etl/pipeline/graph.go:57.61,60.2 2 1
github.com/base-org/pessimism/internal/etl/pipeline/graph.go:63.82,64.34 1 1
github.com/base-org/pessimism/internal/etl/pipeline/graph.go:64.34,66.3 1 1
github.com/base-org/pessimism/internal/etl/pipeline/graph.go:68.2,68.49 1 0
github.com/base-org/pessimism/internal/etl/pipeline/graph.go:83.63,85.12 2 1
github.com/base-org/pessimism/internal/etl/pipeline/graph.go:85.12,87.3 1 0
github.com/base-org/pessimism/internal/etl/pipeline/graph.go:89.2,90.12 2 1
github.com/base-org/pessimism/internal/etl/pipeline/graph.go:90.12,92.3 1 0
github.com/base-org/pessimism/internal/etl/pipeline/graph.go:94.2,100.59 2 1
github.com/base-org/pessimism/internal/etl/pipeline/graph.go:100.59,102.3 1 0
github.com/base-org/pessimism/internal/etl/pipeline/graph.go:104.2,105.16 2 1
github.com/base-org/pessimism/internal/etl/pipeline/graph.go:105.16,107.3 1 1
github.com/base-org/pessimism/internal/etl/pipeline/graph.go:109.2,109.65 1 1
github.com/base-org/pessimism/internal/etl/pipeline/graph.go:109.65,111.3 1 1
github.com/base-org/pessimism/internal/etl/pipeline/graph.go:114.2,116.12 2 1
github.com/base-org/pessimism/internal/etl/pipeline/graph.go:121.56,123.2 1 0
github.com/base-org/pessimism/internal/etl/pipeline/graph.go:127.58,129.2 1 0
github.com/base-org/pessimism/internal/etl/pipeline/graph.go:132.85,133.47 1 1
github.com/base-org/pessimism/internal/etl/pipeline/graph.go:133.47,135.3 1 0
github.com/base-org/pessimism/internal/etl/pipeline/graph.go:137.2,139.12 2 1
github.com/base-org/pessimism/internal/etl/pipeline/graph.go:143.76,145.31 1 0
github.com/base-org/pessimism/internal/etl/pipeline/graph.go:145.31,146.57 1 0
github.com/base-org/pessimism/internal/etl/pipeline/graph.go:146.57,148.4 1 0
github.com/base-org/pessimism/internal/etl/pipeline/graph.go:152.2,152.39 1 0
github.com/base-org/pessimism/internal/etl/pipeline/graph.go:152.39,154.17 2 0
github.com/base-org/pessimism/internal/etl/pipeline/graph.go:154.17,156.4 1 0
github.com/base-org/pessimism/internal/etl/pipeline/graph.go:158.2,158.12 1 0
github.com/base-org/pessimism/internal/etl/pipeline/graph.go:162.58,165.43 2 1
github.com/base-org/pessimism/internal/etl/pipeline/graph.go:165.43,169.34 3 1
github.com/base-org/pessimism/internal/etl/pipeline/graph.go:169.34,172.4 2 1
github.com/base-org/pessimism/internal/etl/pipeline/graph.go:174.3,174.26 1 1
github.com/base-org/pessimism/internal/etl/pipeline/graph.go:177.2,177.16 1 1
github.com/base-org/pessimism/internal/etl/pipeline/manager.go:49.39,66.2 4 1
github.com/base-org/pessimism/internal/etl/pipeline/manager.go:69.85,71.2 1 0
github.com/base-org/pessimism/internal/etl/pipeline/manager.go:74.94,80.16 3 0
github.com/base-org/pessimism/internal/etl/pipeline/manager.go:80.16,82.3 1 0
github.com/base-org/pessimism/internal/etl/pipeline/manager.go:84.2,87.16 3 0
github.com/base-org/pessimism/internal/etl/pipeline/manager.go:87.16,89.3 1 0
github.com/base-org/pessimism/internal/etl/pipeline/manager.go:91.2,95.16 3 0
github.com/base-org/pessimism/internal/etl/pipeline/manager.go:95.16,97.3 1 0
github.com/base-org/pessimism/internal/etl/pipeline/manager.go:99.2,100.16 2 0
github.com/base-org/pessimism/internal/etl/pipeline/manager.go:100.16,102.3 1 0
github.com/base-org/pessimism/internal/etl/pipeline/manager.go:104.2,104.31 1 0
github.com/base-org/pessimism/internal/etl/pipeline/manager.go:104.31,106.3 1 0
github.com/base-org/pessimism/internal/etl/pipeline/manager.go:109.2,109.64 1 0
github.com/base-org/pessimism/internal/etl/pipeline/manager.go:109.64,111.3 1 0
github.com/base-org/pessimism/internal/etl/pipeline/manager.go:113.2,113.68 1 0
github.com/base-org/pessimism/internal/etl/pipeline/manager.go:113.68,115.3 1 0
github.com/base-org/pessimism/internal/etl/pipeline/manager.go:117.2,119.26 2 0
github.com/base-org/pessimism/internal/etl/pipeline/manager.go:119.26,121.3 1 0
github.com/base-org/pessimism/internal/etl/pipeline/manager.go:123.2,125.26 2 0
github.com/base-org/pessimism/internal/etl/pipeline/manager.go:129.59,131.16 2 0
github.com/base-org/pessimism/internal/etl/pipeline/manager.go:131.16,133.3 1 0
github.com/base-org/pessimism/internal/etl/pipeline/manager.go:135.2,138.37 2 0
github.com/base-org/pessimism/internal/etl/pipeline/manager.go:142.41,145.6 2 0
github.com/base-org/pessimism/internal/etl/pipeline/manager.go:145.6,149.3 3 0
github.com/base-org/pessimism/internal/etl/pipeline/manager.go:153.40,157.48 3 0
github.com/base-org/pessimism/internal/etl/pipeline/manager.go:157.48,161.36 2 0
github.com/base-org/pessimism/internal/etl/pipeline/manager.go:161.36,165.4 2 0
github.com/base-org/pessimism/internal/etl/pipeline/manager.go:166.3,166.34 1 0
github.com/base-org/pessimism/internal/etl/pipeline/manager.go:168.2,171.12 3 0
github.com/base-org/pessimism/internal/etl/pipeline/manager.go:176.70,179.40 2 0
github.com/base-org/pessimism/internal/etl/pipeline/manager.go:179.40,183.17 3 0
github.com/base-org/pessimism/internal/etl/pipeline/manager.go:183.17,185.4 1 0
github.com/base-org/pessimism/internal/etl/pipeline/manager.go:187.3,187.37 1 0
github.com/base-org/pessimism/internal/etl/pipeline/manager.go:190.2,190.24 1 0
github.com/base-org/pessimism/internal/etl/pipeline/manager.go:194.93,197.31 2 0
github.com/base-org/pessimism/internal/etl/pipeline/manager.go:197.31,199.17 2 0
github.com/base-org/pessimism/internal/etl/pipeline/manager.go:199.17,201.4 1 0
github.com/base-org/pessimism/internal/etl/pipeline/manager.go:203.3,203.40 1 0
github.com/base-org/pessimism/internal/etl/pipeline/manager.go:203.40,206.4 1 0
github.com/base-org/pessimism/internal/etl/pipeline/manager.go:209.2,209.29 1 0
github.com/base-org/pessimism/internal/etl/pipeline/manager.go:214.60,221.25 3 1
github.com/base-org/pessimism/internal/etl/pipeline/manager.go:221.25,226.17 3 0
github.com/base-org/pessimism/internal/etl/pipeline/manager.go:226.17,228.4 1 0
github.com/base-org/pessimism/internal/etl/pipeline/manager.go:230.3,230.50 1 0
github.com/base-org/pessimism/internal/etl/pipeline/manager.go:233.2,233.32 1 1
github.com/base-org/pessimism/internal/etl/pipeline/manager.go:234.19,236.15 2 1
github.com/base-org/pessimism/internal/etl/pipeline/manager.go:236.15,238.4 1 0
github.com/base-org/pessimism/internal/etl/pipeline/manager.go:240.3,240.35 1 1
github.com/base-org/pessimism/internal/etl/pipeline/manager.go:242.17,244.15 2 0
github.com/base-org/pessimism/internal/etl/pipeline/manager.go:244.15,246.4 1 0
github.com/base-org/pessimism/internal/etl/pipeline/manager.go:248.3,248.35 1 0
github.com/base-org/pessimism/internal/etl/pipeline/manager.go:250.23,251.42 1 0
github.com/base-org/pessimism/internal/etl/pipeline/manager.go:253.10,254.75 1 0
github.com/base-org/pessimism/internal/etl/pipeline/manager.go:259.87,261.16 2 0
github.com/base-org/pessimism/internal/etl/pipeline/manager.go:261.16,263.3 1 0
github.com/base-org/pessimism/internal/etl/pipeline/manager.go:265.2,265.19 1 0
github.com/base-org/pessimism/internal/etl/pipeline/manager.go:265.19,267.3 1 0
github.com/base-org/pessimism/internal/etl/pipeline/manager.go:269.2,269.24 1 0
github.com/base-org/pessimism/internal/etl/pipeline/pipeline.go:35.109,44.2 2 1
github.com/base-org/pessimism/internal/etl/pipeline/pipeline.go:47.51,49.2 1 1
github.com/base-org/pessimism/internal/etl/pipeline/pipeline.go:52.56,54.2 1 1
github.com/base-org/pessimism/internal/etl/pipeline/pipeline.go:57.39,59.2 1 1
github.com/base-org/pessimism/internal/etl/pipeline/pipeline.go:63.79,72.2 4 0
github.com/base-org/pessimism/internal/etl/pipeline/pipeline.go:76.59,77.37 1 0
github.com/base-org/pessimism/internal/etl/pipeline/pipeline.go:77.37,83.54 2 0
github.com/base-org/pessimism/internal/etl/pipeline/pipeline.go:83.54,91.40 3 0
github.com/base-org/pessimism/internal/etl/pipeline/pipeline.go:91.40,95.5 1 0
github.com/base-org/pessimism/internal/etl/pipeline/pipeline.go:99.2,99.12 1 0
github.com/base-org/pessimism/internal/etl/pipeline/pipeline.go:103.35,104.37 1 0
github.com/base-org/pessimism/internal/etl/pipeline/pipeline.go:104.37,105.51 1 0
github.com/base-org/pessimism/internal/etl/pipeline/pipeline.go:105.51,111.39 2 0
github.com/base-org/pessimism/internal/etl/pipeline/pipeline.go:111.39,113.5 1 0
github.com/base-org/pessimism/internal/etl/pipeline/pipeline.go:116.2,116.12 1 0
github.com/base-org/pessimism/internal/etl/pipeline/store.go:40.29,45.2 1 1
github.com/base-org/pessimism/internal/etl/pipeline/store.go:53.77,55.52 1 1
github.com/base-org/pessimism/internal/etl/pipeline/store.go:55.52,57.3 1 1
github.com/base-org/pessimism/internal/etl/pipeline/store.go:59.2,59.72 1 1
github.com/base-org/pessimism/internal/etl/pipeline/store.go:63.67,71.12 3 1
github.com/base-org/pessimism/internal/etl/pipeline/store.go:71.12,73.3 1 1
github.com/base-org/pessimism/internal/etl/pipeline/store.go:75.2,79.39 3 1
github.com/base-org/pessimism/internal/etl/pipeline/store.go:79.39,81.3 1 1
github.com/base-org/pessimism/internal/etl/pipeline/store.go:85.72,88.12 2 1
github.com/base-org/pessimism/internal/etl/pipeline/store.go:88.12,90.3 1 1
github.com/base-org/pessimism/internal/etl/pipeline/store.go:92.2,92.18 1 1
github.com/base-org/pessimism/internal/etl/pipeline/store.go:96.81,97.52 1 1
github.com/base-org/pessimism/internal/etl/pipeline/store.go:97.52,99.3 1 1
github.com/base-org/pessimism/internal/etl/pipeline/store.go:101.2,101.53 1 1
github.com/base-org/pessimism/internal/etl/pipeline/store.go:101.53,102.36 1 1
github.com/base-org/pessimism/internal/etl/pipeline/store.go:102.36,104.4 1 1
github.com/base-org/pessimism/internal/etl/pipeline/store.go:107.2,107.41 1 1
github.com/base-org/pessimism/internal/etl/pipeline/store.go:111.86,113.13 2 0
github.com/base-org/pessimism/internal/etl/pipeline/store.go:113.13,115.3 1 0
github.com/base-org/pessimism/internal/etl/pipeline/store.go:117.2,119.32 2 0
github.com/base-org/pessimism/internal/etl/pipeline/store.go:119.32,121.3 1 0
github.com/base-org/pessimism/internal/etl/pipeline/store.go:123.2,123.15 1 0
github.com/base-org/pessimism/internal/etl/pipeline/store.go:127.53,130.41 2 1
github.com/base-org/pessimism/internal/etl/pipeline/store.go:130.41,131.35 1 1
github.com/base-org/pessimism/internal/etl/pipeline/store.go:131.35,133.4 1 1
github.com/base-org/pessimism/internal/etl/pipeline/store.go:136.2,136.18 1 1
github.com/base-org/pessimism/internal/etl/pipeline/types.go:12.41,13.12 1 0
github.com/base-org/pessimism/internal/etl/pipeline/types.go:14.15,15.19 1 0
github.com/base-org/pessimism/internal/etl/pipeline/types.go:17.15,18.19 1 0
github.com/base-org/pessimism/internal/etl/pipeline/types.go:20.14,21.18 1 0
github.com/base-org/pessimism/internal/etl/pipeline/types.go:23.15,24.19 1 0
github.com/base-org/pessimism/internal/etl/pipeline/types.go:27.2,27.18 1 0
github.com/base-org/pessimism/internal/state/accessor.go:13.79,15.16 2 0
github.com/base-org/pessimism/internal/state/accessor.go:15.16,17.3 1 0
github.com/base-org/pessimism/internal/state/accessor.go:19.2,21.46 2 0
github.com/base-org/pessimism/internal/state/accessor.go:21.46,23.3 1 0
github.com/base-org/pessimism/internal/state/accessor.go:25.2,25.16 1 0
github.com/base-org/pessimism/internal/state/accessor.go:25.16,27.3 1 0
github.com/base-org/pessimism/internal/state/accessor.go:28.2,28.12 1 0
github.com/base-org/pessimism/internal/state/memory.go:17.43,19.2 1 0
github.com/base-org/pessimism/internal/state/memory.go:38.26,43.2 1 1
github.com/base-org/pessimism/internal/state/memory.go:46.89,51.13 4 1
github.com/base-org/pessimism/internal/state/memory.go:51.13,53.3 1 1
github.com/base-org/pessimism/internal/state/memory.go:55.2,55.17 1 1
github.com/base-org/pessimism/internal/state/memory.go:59.101,64.32 4 1
github.com/base-org/pessimism/internal/state/memory.go:64.32,65.21 1 0
github.com/base-org/pessimism/internal/state/memory.go:65.21,67.4 1 0
github.com/base-org/pessimism/internal/state/memory.go:69.2,70.19 2 1
github.com/base-org/pessimism/internal/state/memory.go:74.75,80.2 4 1
github.com/base-org/pessimism/internal/state/state.go:20.54,21.52 1 0
github.com/base-org/pessimism/internal/state/state.go:21.52,23.3 1 0
github.com/base-org/pessimism/internal/state/state.go:25.2,25.68 1 0
github.com/base-org/pessimism/internal/subsystem/manager.go:28.75,29.11 1 0
github.com/base-org/pessimism/internal/subsystem/manager.go:30.19,31.48 1 0
github.com/base-org/pessimism/internal/subsystem/manager.go:33.19,34.48 1 0
github.com/base-org/pessimism/internal/subsystem/manager.go:36.10,37.77 1 0
github.com/base-org/pessimism/internal/subsystem/manager.go:66.11,75.2 1 1
github.com/base-org/pessimism/internal/subsystem/manager.go:78.36,80.41 1 0
github.com/base-org/pessimism/internal/subsystem/manager.go:80.41,82.3 1 0
github.com/base-org/pessimism/internal/subsystem/manager.go:85.2,85.41 1 0
github.com/base-org/pessimism/internal/subsystem/manager.go:85.41,87.3 1 0
github.com/base-org/pessimism/internal/subsystem/manager.go:90.2,90.26 1 0
github.com/base-org/pessimism/internal/subsystem/manager.go:94.59,98.12 3 0
github.com/base-org/pessimism/internal/subsystem/manager.go:98.12,101.43 2 0
github.com/base-org/pessimism/internal/subsystem/manager.go:101.43,103.4 1 0
github.com/base-org/pessimism/internal/subsystem/manager.go:106.2,107.12 2 0
github.com/base-org/pessimism/internal/subsystem/manager.go:107.12,110.44 2 0
github.com/base-org/pessimism/internal/subsystem/manager.go:110.44,112.4 1 0
github.com/base-org/pessimism/internal/subsystem/manager.go:115.2,116.12 2 0
github.com/base-org/pessimism/internal/subsystem/manager.go:116.12,119.44 2 0
github.com/base-org/pessimism/internal/subsystem/manager.go:119.44,121.4 1 0
github.com/base-org/pessimism/internal/subsystem/manager.go:127.64,130.16 2 1
github.com/base-org/pessimism/internal/subsystem/manager.go:130.16,132.3 1 1
github.com/base-org/pessimism/internal/subsystem/manager.go:135.2,136.16 2 1
github.com/base-org/pessimism/internal/subsystem/manager.go:136.16,138.3 1 1
github.com/base-org/pessimism/internal/subsystem/manager.go:140.2,153.8 2 0
github.com/base-org/pessimism/internal/subsystem/manager.go:157.82,160.16 2 1
github.com/base-org/pessimism/internal/subsystem/manager.go:160.16,162.3 1 1
github.com/base-org/pessimism/internal/subsystem/manager.go:163.2,168.16 3 1
github.com/base-org/pessimism/internal/subsystem/manager.go:168.16,170.3 1 1
github.com/base-org/pessimism/internal/subsystem/manager.go:173.2,173.15 1 1
github.com/base-org/pessimism/internal/subsystem/manager.go:173.15,175.3 1 1
github.com/base-org/pessimism/internal/subsystem/manager.go:177.2,177.52 1 1
github.com/base-org/pessimism/internal/subsystem/manager.go:177.52,179.3 1 0
github.com/base-org/pessimism/internal/subsystem/manager.go:181.2,181.19 1 1
github.com/base-org/pessimism/internal/subsystem/manager.go:185.99,187.16 2 0
github.com/base-org/pessimism/internal/subsystem/manager.go:187.16,189.3 1 0
github.com/base-org/pessimism/internal/subsystem/manager.go:191.2,192.16 2 0
github.com/base-org/pessimism/internal/subsystem/manager.go:192.16,194.3 1 0
github.com/base-org/pessimism/internal/subsystem/manager.go:196.2,206.8 1 0
github.com/base-org/pessimism/internal/etl/registry/oracle/account_balance.go:32.34,38.2 1 0
github.com/base-org/pessimism/internal/etl/registry/oracle/account_balance.go:42.57,44.16 2 0
github.com/base-org/pessimism/internal/etl/registry/oracle/account_balance.go:44.16,46.3 1 0
github.com/base-org/pessimism/internal/etl/registry/oracle/account_balance.go:48.2,50.16 3 0
github.com/base-org/pessimism/internal/etl/registry/oracle/account_balance.go:50.16,52.3 1 0
github.com/base-org/pessimism/internal/etl/registry/oracle/account_balance.go:54.2,55.15 2 0
github.com/base-org/pessimism/internal/etl/registry/oracle/account_balance.go:59.76,62.2 2 0
github.com/base-org/pessimism/internal/etl/registry/oracle/account_balance.go:68.32,70.2 1 0
github.com/base-org/pessimism/internal/etl/registry/oracle/account_balance.go:74.111,76.16 2 0
github.com/base-org/pessimism/internal/etl/registry/oracle/account_balance.go:76.16,78.3 1 0
github.com/base-org/pessimism/internal/etl/registry/oracle/account_balance.go:80.2,81.6 2 0
github.com/base-org/pessimism/internal/etl/registry/oracle/account_balance.go:81.6,82.10 1 0
github.com/base-org/pessimism/internal/etl/registry/oracle/account_balance.go:83.19,90.18 3 0
github.com/base-org/pessimism/internal/etl/registry/oracle/account_balance.go:90.18,92.13 2 0
github.com/base-org/pessimism/internal/etl/registry/oracle/account_balance.go:95.4,95.38 1 0
github.com/base-org/pessimism/internal/etl/registry/oracle/account_balance.go:95.38,103.19 4 0
github.com/base-org/pessimism/internal/etl/registry/oracle/account_balance.go:103.19,105.14 2 0
github.com/base-org/pessimism/internal/etl/registry/oracle/account_balance.go:111.5,123.36 4 0
github.com/base-org/pessimism/internal/etl/registry/oracle/account_balance.go:126.21,127.14 1 0
github.com/base-org/pessimism/internal/etl/registry/oracle/geth_block.go:31.108,37.2 1 0
github.com/base-org/pessimism/internal/etl/registry/oracle/geth_block.go:41.57,43.16 2 0
github.com/base-org/pessimism/internal/etl/registry/oracle/geth_block.go:43.16,45.3 1 0
github.com/base-org/pessimism/internal/etl/registry/oracle/geth_block.go:47.2,50.16 3 0
github.com/base-org/pessimism/internal/etl/registry/oracle/geth_block.go:50.16,52.3 1 0
github.com/base-org/pessimism/internal/etl/registry/oracle/geth_block.go:54.2,55.20 2 0
github.com/base-org/pessimism/internal/etl/registry/oracle/geth_block.go:59.65,61.2 1 0
github.com/base-org/pessimism/internal/etl/registry/oracle/geth_block.go:64.93,65.6 1 1
github.com/base-org/pessimism/internal/etl/registry/oracle/geth_block.go:65.6,67.17 2 1
github.com/base-org/pessimism/internal/etl/registry/oracle/geth_block.go:67.17,69.12 2 0
github.com/base-org/pessimism/internal/etl/registry/oracle/geth_block.go:71.3,71.16 1 1
github.com/base-org/pessimism/internal/etl/registry/oracle/geth_block.go:77.50,78.36 1 1
github.com/base-org/pessimism/internal/etl/registry/oracle/geth_block.go:78.36,80.3 1 1
github.com/base-org/pessimism/internal/etl/registry/oracle/geth_block.go:82.2,84.48 2 1
github.com/base-org/pessimism/internal/etl/registry/oracle/geth_block.go:84.48,86.3 1 1
github.com/base-org/pessimism/internal/etl/registry/oracle/geth_block.go:88.2,91.6 3 1
github.com/base-org/pessimism/internal/etl/registry/oracle/geth_block.go:91.6,92.10 1 1
github.com/base-org/pessimism/internal/etl/registry/oracle/geth_block.go:93.19,98.39 3 1
github.com/base-org/pessimism/internal/etl/registry/oracle/geth_block.go:98.39,101.13 2 0
github.com/base-org/pessimism/internal/etl/registry/oracle/geth_block.go:104.4,107.38 3 1
github.com/base-org/pessimism/internal/etl/registry/oracle/geth_block.go:107.38,110.13 1 0
github.com/base-org/pessimism/internal/etl/registry/oracle/geth_block.go:114.4,120.34 2 1
github.com/base-org/pessimism/internal/etl/registry/oracle/geth_block.go:120.34,123.5 2 1
github.com/base-org/pessimism/internal/etl/registry/oracle/geth_block.go:125.4,125.37 1 1
github.com/base-org/pessimism/internal/etl/registry/oracle/geth_block.go:127.21,128.14 1 0
github.com/base-org/pessimism/internal/etl/registry/oracle/geth_block.go:141.79,142.30 1 1
github.com/base-org/pessimism/internal/etl/registry/oracle/geth_block.go:142.30,144.36 2 1
github.com/base-org/pessimism/internal/etl/registry/oracle/geth_block.go:144.36,148.4 2 1
github.com/base-org/pessimism/internal/etl/registry/oracle/geth_block.go:149.3,150.13 2 1
github.com/base-org/pessimism/internal/etl/registry/oracle/geth_block.go:152.2,152.26 1 1
github.com/base-org/pessimism/internal/etl/registry/oracle/geth_block.go:158.49,159.35 1 1
github.com/base-org/pessimism/internal/etl/registry/oracle/geth_block.go:159.35,161.3 1 1
github.com/base-org/pessimism/internal/etl/registry/oracle/geth_block.go:162.2,162.49 1 1
github.com/base-org/pessimism/internal/etl/registry/oracle/geth_block.go:165.51,166.32 1 1
github.com/base-org/pessimism/internal/etl/registry/oracle/geth_block.go:166.32,168.3 1 1
github.com/base-org/pessimism/internal/etl/registry/oracle/geth_block.go:170.2,171.22 1 1
github.com/base-org/pessimism/internal/etl/registry/oracle/geth_block.go:171.22,173.3 1 1
github.com/base-org/pessimism/internal/etl/registry/oracle/geth_block.go:175.2,175.12 1 1
github.com/base-org/pessimism/internal/etl/registry/oracle/geth_block.go:181.106,191.88 1 1
github.com/base-org/pessimism/internal/etl/registry/oracle/geth_block.go:191.88,193.3 1 1
github.com/base-org/pessimism/internal/etl/registry/oracle/geth_block.go:195.2,200.6 3 1
github.com/base-org/pessimism/internal/etl/registry/oracle/geth_block.go:200.6,201.10 1 1
github.com/base-org/pessimism/internal/etl/registry/oracle/geth_block.go:202.19,205.21 2 1
github.com/base-org/pessimism/internal/etl/registry/oracle/geth_block.go:205.21,209.5 1 1
github.com/base-org/pessimism/internal/etl/registry/oracle/geth_block.go:211.4,214.48 3 1
github.com/base-org/pessimism/internal/etl/registry/oracle/geth_block.go:214.48,215.13 1 0
github.com/base-org/pessimism/internal/etl/registry/oracle/geth_block.go:218.4,218.39 1 1
github.com/base-org/pessimism/internal/etl/registry/oracle/geth_block.go:218.39,221.13 2 0
github.com/base-org/pessimism/internal/etl/registry/oracle/geth_block.go:224.4,227.38 3 1
github.com/base-org/pessimism/internal/etl/registry/oracle/geth_block.go:227.38,230.13 2 0
github.com/base-org/pessimism/internal/etl/registry/oracle/geth_block.go:233.4,240.76 2 1
github.com/base-org/pessimism/internal/etl/registry/oracle/geth_block.go:240.76,242.5 1 1
github.com/base-org/pessimism/internal/etl/registry/oracle/geth_block.go:244.4,244.21 1 1
github.com/base-org/pessimism/internal/etl/registry/oracle/geth_block.go:244.21,246.5 1 1
github.com/base-org/pessimism/internal/etl/registry/oracle/geth_block.go:246.10,249.5 2 0
github.com/base-org/pessimism/internal/etl/registry/oracle/geth_block.go:251.4,254.30 2 1
github.com/base-org/pessimism/internal/etl/registry/oracle/geth_block.go:256.21,258.14 2 0
